<?xml version="1.0" encoding="UTF-8"?>
<!-- Generated by org.testng.reporters.JUnitReportReporter -->
<testsuite skipped="1" hostname="DESKTOP-P8JIU9Q" name="Package1.TestTask" tests="3" failures="0" timestamp="2021-07-27T02:18:00 EDT" time="20.381" errors="0">
  <testcase name="seleniumTest2" time="14.380" classname="Package1.TestTask"/>
  <system-out/>
  <testcase name="seleniumTest1" time="6.001" classname="Package1.TestTask"/>
  <system-out/>
  <testcase name="testEnabled" classname="Package1.TestTask">
    <skipped/>
  </testcase> <!-- testEnabled -->
  <system-out/>
</testsuite> <!-- Package1.TestTask -->
